<?xml version="1.0" encoding="UTF-8"?>
<!-- Generated by org.testng.reporters.JUnitReportReporter -->
<testsuite hostname="Vijay-PC" failures="0" tests="19" name="com.para.Testpage" time="33.552" errors="0" timestamp="07 Apr 2020 07:47:08 GMT" skipped="10">
  <testcase classname="com.para.Testpage" name="billpaymentfromexcel" time="3.817"/>
  <testcase classname="com.para.Testpage" name="billpaymentfromexcel" time="4.619"/>
  <testcase classname="com.para.Testpage" name="billpaymentfromexcel" time="4.933"/>
  <testcase classname="com.para.Testpage" name="billpaymentfromexcel" time="3.203"/>
  <testcase classname="com.para.Testpage" name="billpaymentfromexcel" time="4.030"/>
  <testcase classname="com.para.Testpage" name="billpaymentfromexcel" time="3.132"/>
  <testcase classname="com.para.Testpage" name="billpaymentfromexcel" time="3.328"/>
  <testcase classname="com.para.Testpage" name="billpaymentfromexcel" time="3.092"/>
  <testcase classname="com.para.Testpage" name="billpaymentfromexcel" time="3.398"/>
  <testcase classname="com.para.Testpage" name="Login">
    <skipped/>
  </testcase> <!-- Login -->
  <testcase classname="com.para.Testpage" name="register">
    <skipped/>
  </testcase> <!-- register -->
  <testcase classname="com.para.Testpage" name="ppem">
    <skipped/>
  </testcase> <!-- ppem -->
  <testcase classname="com.para.Testpage" name="applyloan">
    <skipped/>
  </testcase> <!-- applyloan -->
  <testcase classname="com.para.Testpage" name="billpaytest">
    <skipped/>
  </testcase> <!-- billpaytest -->
  <testcase classname="com.para.Testpage" name="exceldata">
    <skipped/>
  </testcase> <!-- exceldata -->
  <testcase classname="com.para.Testpage" name="acccreation">
    <skipped/>
  </testcase> <!-- acccreation -->
  <testcase classname="com.para.Testpage" name="dataprovide">
    <skipped/>
  </testcase> <!-- dataprovide -->
  <testcase classname="com.para.Testpage" name="xml">
    <skipped/>
  </testcase> <!-- xml -->
  <testcase classname="com.para.Testpage" name="fundtransfer">
    <skipped/>
  </testcase> <!-- fundtransfer -->
</testsuite> <!-- com.para.Testpage -->
